#
# There is insufficient memory for the Java Runtime Environment to continue.
# Native memory allocation (malloc) failed to allocate 1694096 bytes for Chunk::new
# Possible reasons:
#   The system is out of physical RAM or swap space
#   The process is running with CompressedOops enabled, and the Java Heap may be blocking the growth of the native heap
# Possible solutions:
#   Reduce memory load on the system
#   Increase physical memory or swap space
#   Check if swap backing store is full
#   Decrease Java heap size (-Xmx/-Xms)
#   Decrease number of Java threads
#   Decrease Java thread stack sizes (-Xss)
#   Set larger code cache with -XX:ReservedCodeCacheSize=
#   JVM is running with Zero Based Compressed Oops mode in which the Java heap is
#     placed in the first 32GB address space. The Java Heap base address is the
#     maximum limit for the native heap growth. Please use -XX:HeapBaseMinAddress
#     to set the Java Heap base and to place the Java Heap above 32GB virtual address.
# This output file may be truncated or incomplete.
#
#  Out of Memory Error (./open/src/hotspot/share/memory/arena.cpp:197), pid=7544, tid=25876
#
# JRE version: Java(TM) SE Runtime Environment 18.9 (11.0.12+8) (build 11.0.12+8-LTS-237)
# Java VM: Java HotSpot(TM) 64-Bit Server VM 18.9 (11.0.12+8-LTS-237, mixed mode, tiered, compressed oops, g1 gc, windows-amd64)
# No core dump will be written. Minidumps are not enabled by default on client versions of Windows
#

---------------  S U M M A R Y ------------

Command Line: -Dclassworlds.conf=C:/evandro/instalacao/apache-maven-3.6.1-bin/apache-maven-3.6.1/bin/m2.conf -Dmaven.home=C:/evandro/instalacao/apache-maven-3.6.1-bin/apache-maven-3.6.1 -Dlibrary.jansi.path=C:/evandro/instalacao/apache-maven-3.6.1-bin/apache-maven-3.6.1/lib/jansi-native -Dmaven.multiModuleProjectDirectory=C:/evandro/github/otima/gateway org.codehaus.plexus.classworlds.launcher.Launcher clean install

Host: Intel(R) Core(TM) i7-10510U CPU @ 1.80GHz, 8 cores, 15G,  Windows 10 , 64 bit Build 19041 (10.0.19041.1806)
Time: Wed Jul 20 09:32:06 2022 Hora oficial do Brasil elapsed time: 35.422319 seconds (0d 0h 0m 35s)

---------------  T H R E A D  ---------------

Current thread (0x000001fadfa19000):  JavaThread "C2 CompilerThread0" daemon [_thread_in_native, id=25876, stack(0x000000401e700000,0x000000401e800000)]


Current CompileTask:
C2:  35422 8232   !   4       com.google.inject.spi.InjectionPoint::getInjectionPoints (489 bytes)

Stack: [0x000000401e700000,0x000000401e800000]
Native frames: (J=compiled Java code, j=interpreted, Vv=VM code, C=native code)
V  [jvm.dll+0x617d9a]
V  [jvm.dll+0x74eeef]
V  [jvm.dll+0x750599]
V  [jvm.dll+0x750c23]
V  [jvm.dll+0x2438d8]
V  [jvm.dll+0xba6dc]
V  [jvm.dll+0xbac9c]
V  [jvm.dll+0x3469b7]
V  [jvm.dll+0x193e79]
V  [jvm.dll+0x1fd212]
V  [jvm.dll+0x1fc2ed]
V  [jvm.dll+0x17f18c]
V  [jvm.dll+0x20b87c]
V  [jvm.dll+0x20997b]
V  [jvm.dll+0x716359]
V  [jvm.dll+0x70f064]
V  [jvm.dll+0x616f66]
C  [ucrtbase.dll+0x21bb2]
C  [KERNEL32.DLL+0x17034]
C  [ntdll.dll+0x52651]


---------------  P R O C E S S  ---------------

Threads class SMR info:
_java_thread_list=0x000001fae0b0af30, length=10, elements={
0x000001fabc09b800, 0x000001fadf9ec800, 0x000001fadf9ed800, 0x000001fae0313800,
0x000001fadfa14800, 0x000001fadfa15800, 0x000001fadfa19000, 0x000001fae02c5000,
0x000001fae02c8800, 0x000001fae0483000
}

Java Threads: ( => current thread )
  0x000001fabc09b800 JavaThread "main" [_thread_in_native, id=15264, stack(0x000000401db00000,0x000000401dc00000)]
  0x000001fadf9ec800 JavaThread "Reference Handler" daemon [_thread_blocked, id=14412, stack(0x000000401e200000,0x000000401e300000)]
  0x000001fadf9ed800 JavaThread "Finalizer" daemon [_thread_blocked, id=6120, stack(0x000000401e300000,0x000000401e400000)]
  0x000001fae0313800 JavaThread "Signal Dispatcher" daemon [_thread_blocked, id=26020, stack(0x000000401e400000,0x000000401e500000)]
  0x000001fadfa14800 JavaThread "Attach Listener" daemon [_thread_blocked, id=27332, stack(0x000000401e500000,0x000000401e600000)]
  0x000001fadfa15800 JavaThread "Service Thread" daemon [_thread_blocked, id=19952, stack(0x000000401e600000,0x000000401e700000)]
=>0x000001fadfa19000 JavaThread "C2 CompilerThread0" daemon [_thread_in_native, id=25876, stack(0x000000401e700000,0x000000401e800000)]
  0x000001fae02c5000 JavaThread "C1 CompilerThread0" daemon [_thread_blocked, id=22372, stack(0x000000401e800000,0x000000401e900000)]
  0x000001fae02c8800 JavaThread "Sweeper thread" daemon [_thread_blocked, id=25632, stack(0x000000401e900000,0x000000401ea00000)]
  0x000001fae0483000 JavaThread "Common-Cleaner" daemon [_thread_blocked, id=14528, stack(0x000000401eb00000,0x000000401ec00000)]

Other Threads:
  0x000001fadf9eb000 VMThread "VM Thread" [stack: 0x000000401e100000,0x000000401e200000] [id=7188]
  0x000001fae0482000 WatcherThread [stack: 0x000000401ea00000,0x000000401eb00000] [id=740]
  0x000001fabc0af800 GCTaskThread "GC Thread#0" [stack: 0x000000401dc00000,0x000000401dd00000] [id=19880]
  0x000001fae0ef3000 GCTaskThread "GC Thread#1" [stack: 0x000000401ec00000,0x000000401ed00000] [id=27248]
  0x000001fae1085800 GCTaskThread "GC Thread#2" [stack: 0x000000401ed00000,0x000000401ee00000] [id=25796]
  0x000001fae1086800 GCTaskThread "GC Thread#3" [stack: 0x000000401ee00000,0x000000401ef00000] [id=17844]
  0x000001fae0e77000 GCTaskThread "GC Thread#4" [stack: 0x000000401ef00000,0x000000401f000000] [id=22080]
  0x000001fae0e78000 GCTaskThread "GC Thread#5" [stack: 0x000000401f000000,0x000000401f100000] [id=24608]
  0x000001fabc111000 ConcurrentGCThread "G1 Main Marker" [stack: 0x000000401dd00000,0x000000401de00000] [id=12080]
  0x000001fabc112000 ConcurrentGCThread "G1 Conc#0" [stack: 0x000000401de00000,0x000000401df00000] [id=26852]
  0x000001fae195b000 ConcurrentGCThread "G1 Conc#1" [stack: 0x000000401f100000,0x000000401f200000] [id=25288]
  0x000001fadf8d3800 ConcurrentGCThread "G1 Refine#0" [stack: 0x000000401df00000,0x000000401e000000] [id=9740]
  0x000001fadf8d4000 ConcurrentGCThread "G1 Young RemSet Sampling" [stack: 0x000000401e000000,0x000000401e100000] [id=25704]

Threads with active compile tasks:
C2 CompilerThread0  35510 8232   !   4       com.google.inject.spi.InjectionPoint::getInjectionPoints (489 bytes)

VM state:not at safepoint (normal execution)

VM Mutex/Monitor currently owned by a thread: None

Heap address: 0x0000000703c00000, size: 4036 MB, Compressed Oops mode: Zero based, Oop shift amount: 3
Narrow klass base: 0x0000000800000000, Narrow klass shift: 0
Compressed class space size: 1073741824 Address: 0x0000000800000000

Heap:
 garbage-first heap   total 260096K, used 65536K [0x0000000703c00000, 0x0000000800000000)
  region size 1024K, 15 young (15360K), 12 survivors (12288K)
 Metaspace       used 41596K, capacity 42679K, committed 42752K, reserved 1087488K
  class space    used 4436K, capacity 4847K, committed 4864K, reserved 1048576K
Heap Regions: E=young(eden), S=young(survivor), O=old, HS=humongous(starts), HC=humongous(continues), CS=collection set, F=free, A=archive, TAMS=top-at-mark-start (previous, next)
|   0|0x0000000703c00000, 0x0000000703d00000, 0x0000000703d00000|100%| O|  |TAMS 0x0000000703d00000, 0x0000000703c00000| Untracked 
|   1|0x0000000703d00000, 0x0000000703e00000, 0x0000000703e00000|100%| O|  |TAMS 0x0000000703e00000, 0x0000000703d00000| Untracked 
|   2|0x0000000703e00000, 0x0000000703f00000, 0x0000000703f00000|100%| O|  |TAMS 0x0000000703f00000, 0x0000000703e00000| Untracked 
|   3|0x0000000703f00000, 0x0000000704000000, 0x0000000704000000|100%| O|  |TAMS 0x0000000704000000, 0x0000000703f00000| Untracked 
|   4|0x0000000704000000, 0x0000000704100000, 0x0000000704100000|100%| O|  |TAMS 0x0000000704100000, 0x0000000704000000| Untracked 
|   5|0x0000000704100000, 0x0000000704200000, 0x0000000704200000|100%| O|  |TAMS 0x0000000704200000, 0x0000000704100000| Untracked 
|   6|0x0000000704200000, 0x0000000704300000, 0x0000000704300000|100%| O|  |TAMS 0x0000000704300000, 0x0000000704200000| Untracked 
|   7|0x0000000704300000, 0x0000000704400000, 0x0000000704400000|100%| O|  |TAMS 0x0000000704400000, 0x0000000704300000| Untracked 
|   8|0x0000000704400000, 0x0000000704500000, 0x0000000704500000|100%| O|  |TAMS 0x0000000704500000, 0x0000000704400000| Untracked 
|   9|0x0000000704500000, 0x0000000704600000, 0x0000000704600000|100%| O|  |TAMS 0x0000000704600000, 0x0000000704500000| Untracked 
|  10|0x0000000704600000, 0x0000000704700000, 0x0000000704700000|100%| O|  |TAMS 0x0000000704700000, 0x0000000704600000| Untracked 
|  11|0x0000000704700000, 0x0000000704800000, 0x0000000704800000|100%| O|  |TAMS 0x0000000704800000, 0x0000000704700000| Untracked 
|  12|0x0000000704800000, 0x0000000704900000, 0x0000000704900000|100%| O|  |TAMS 0x0000000704900000, 0x0000000704800000| Untracked 
|  13|0x0000000704900000, 0x0000000704a00000, 0x0000000704a00000|100%| O|  |TAMS 0x0000000704a00000, 0x0000000704900000| Untracked 
|  14|0x0000000704a00000, 0x0000000704b00000, 0x0000000704b00000|100%| O|  |TAMS 0x0000000704b00000, 0x0000000704a00000| Untracked 
|  15|0x0000000704b00000, 0x0000000704c00000, 0x0000000704c00000|100%| O|  |TAMS 0x0000000704c00000, 0x0000000704b00000| Untracked 
|  16|0x0000000704c00000, 0x0000000704d00000, 0x0000000704d00000|100%| O|  |TAMS 0x0000000704d00000, 0x0000000704c00000| Untracked 
|  17|0x0000000704d00000, 0x0000000704e00000, 0x0000000704e00000|100%| O|  |TAMS 0x0000000704e00000, 0x0000000704d00000| Untracked 
|  18|0x0000000704e00000, 0x0000000704f00000, 0x0000000704f00000|100%| O|  |TAMS 0x0000000704f00000, 0x0000000704e00000| Untracked 
|  19|0x0000000704f00000, 0x0000000705000000, 0x0000000705000000|100%| O|  |TAMS 0x0000000705000000, 0x0000000704f00000| Untracked 
|  20|0x0000000705000000, 0x0000000705100000, 0x0000000705100000|100%| O|  |TAMS 0x0000000705100000, 0x0000000705000000| Untracked 
|  21|0x0000000705100000, 0x0000000705200000, 0x0000000705200000|100%| O|  |TAMS 0x0000000705200000, 0x0000000705100000| Untracked 
|  22|0x0000000705200000, 0x0000000705300000, 0x0000000705300000|100%|HS|  |TAMS 0x0000000705300000, 0x0000000705200000| Complete 
|  23|0x0000000705300000, 0x0000000705300000, 0x0000000705400000|  0%| F|  |TAMS 0x0000000705300000, 0x0000000705300000| Untracked 
|  24|0x0000000705400000, 0x0000000705500000, 0x0000000705500000|100%|HS|  |TAMS 0x0000000705500000, 0x0000000705400000| Complete 
|  25|0x0000000705500000, 0x0000000705600000, 0x0000000705600000|100%| O|  |TAMS 0x0000000705600000, 0x0000000705500000| Untracked 
|  26|0x0000000705600000, 0x0000000705700000, 0x0000000705700000|100%| O|  |TAMS 0x0000000705700000, 0x0000000705600000| Untracked 
|  27|0x0000000705700000, 0x0000000705800000, 0x0000000705800000|100%| O|  |TAMS 0x0000000705800000, 0x0000000705700000| Untracked 
|  28|0x0000000705800000, 0x0000000705900000, 0x0000000705900000|100%| O|  |TAMS 0x0000000705900000, 0x0000000705800000| Untracked 
|  29|0x0000000705900000, 0x0000000705a00000, 0x0000000705a00000|100%| O|  |TAMS 0x0000000705a00000, 0x0000000705900000| Untracked 
|  30|0x0000000705a00000, 0x0000000705b00000, 0x0000000705b00000|100%| O|  |TAMS 0x0000000705b00000, 0x0000000705a00000| Untracked 
|  31|0x0000000705b00000, 0x0000000705c00000, 0x0000000705c00000|100%| O|  |TAMS 0x0000000705c00000, 0x0000000705b00000| Untracked 
|  32|0x0000000705c00000, 0x0000000705d00000, 0x0000000705d00000|100%| O|  |TAMS 0x0000000705d00000, 0x0000000705c00000| Untracked 
|  33|0x0000000705d00000, 0x0000000705e00000, 0x0000000705e00000|100%| O|  |TAMS 0x0000000705e00000, 0x0000000705d00000| Untracked 
|  34|0x0000000705e00000, 0x0000000705f00000, 0x0000000705f00000|100%| O|  |TAMS 0x0000000705f00000, 0x0000000705e00000| Untracked 
|  35|0x0000000705f00000, 0x0000000706000000, 0x0000000706000000|100%| O|  |TAMS 0x0000000706000000, 0x0000000705f00000| Untracked 
|  36|0x0000000706000000, 0x0000000706100000, 0x0000000706100000|100%| O|  |TAMS 0x0000000706100000, 0x0000000706000000| Untracked 
|  37|0x0000000706100000, 0x0000000706200000, 0x0000000706200000|100%| O|  |TAMS 0x0000000706200000, 0x0000000706100000| Untracked 
|  38|0x0000000706200000, 0x0000000706300000, 0x0000000706300000|100%| O|  |TAMS 0x0000000706300000, 0x0000000706200000| Untracked 
|  39|0x0000000706300000, 0x0000000706400000, 0x0000000706400000|100%| O|  |TAMS 0x0000000706400000, 0x0000000706300000| Untracked 
|  40|0x0000000706400000, 0x0000000706500000, 0x0000000706500000|100%| O|  |TAMS 0x0000000706500000, 0x0000000706400000| Untracked 
|  41|0x0000000706500000, 0x0000000706600000, 0x0000000706600000|100%| O|  |TAMS 0x0000000706600000, 0x0000000706500000| Untracked 
|  42|0x0000000706600000, 0x0000000706700000, 0x0000000706700000|100%| O|  |TAMS 0x0000000706700000, 0x0000000706600000| Untracked 
|  43|0x0000000706700000, 0x0000000706800000, 0x0000000706800000|100%| O|  |TAMS 0x0000000706800000, 0x0000000706700000| Untracked 
|  44|0x0000000706800000, 0x0000000706900000, 0x0000000706900000|100%| O|  |TAMS 0x0000000706900000, 0x0000000706800000| Untracked 
|  45|0x0000000706900000, 0x0000000706a00000, 0x0000000706a00000|100%| O|  |TAMS 0x0000000706a00000, 0x0000000706900000| Untracked 
|  46|0x0000000706a00000, 0x0000000706b00000, 0x0000000706b00000|100%| O|  |TAMS 0x0000000706b00000, 0x0000000706a00000| Untracked 
|  47|0x0000000706b00000, 0x0000000706c00000, 0x0000000706c00000|100%| O|  |TAMS 0x0000000706c00000, 0x0000000706b00000| Untracked 
|  48|0x0000000706c00000, 0x0000000706d00000, 0x0000000706d00000|100%| O|  |TAMS 0x0000000706d00000, 0x0000000706c00000| Untracked 
|  49|0x0000000706d00000, 0x0000000706e00000, 0x0000000706e00000|100%| O|  |TAMS 0x0000000706e00000, 0x0000000706d00000| Untracked 
|  50|0x0000000706e00000, 0x0000000706f00000, 0x0000000706f00000|100%| O|  |TAMS 0x0000000706f00000, 0x0000000706e00000| Untracked 
|  51|0x0000000706f00000, 0x0000000706f00000, 0x0000000707000000|  0%| F|  |TAMS 0x0000000706f00000, 0x0000000706f00000| Untracked 
|  52|0x0000000707000000, 0x0000000707000000, 0x0000000707100000|  0%| F|  |TAMS 0x0000000707000000, 0x0000000707000000| Untracked 
|  53|0x0000000707100000, 0x0000000707100000, 0x0000000707200000|  0%| F|  |TAMS 0x0000000707100000, 0x0000000707100000| Untracked 
|  54|0x0000000707200000, 0x0000000707200000, 0x0000000707300000|  0%| F|  |TAMS 0x0000000707200000, 0x0000000707200000| Untracked 
|  55|0x0000000707300000, 0x0000000707300000, 0x0000000707400000|  0%| F|  |TAMS 0x0000000707300000, 0x0000000707300000| Untracked 
|  56|0x0000000707400000, 0x0000000707400000, 0x0000000707500000|  0%| F|  |TAMS 0x0000000707400000, 0x0000000707400000| Untracked 
|  57|0x0000000707500000, 0x0000000707500000, 0x0000000707600000|  0%| F|  |TAMS 0x0000000707500000, 0x0000000707500000| Untracked 
|  58|0x0000000707600000, 0x0000000707600000, 0x0000000707700000|  0%| F|  |TAMS 0x0000000707600000, 0x0000000707600000| Untracked 
|  59|0x0000000707700000, 0x0000000707700000, 0x0000000707800000|  0%| F|  |TAMS 0x0000000707700000, 0x0000000707700000| Untracked 
|  60|0x0000000707800000, 0x0000000707800000, 0x0000000707900000|  0%| F|  |TAMS 0x0000000707800000, 0x0000000707800000| Untracked 
|  61|0x0000000707900000, 0x0000000707900000, 0x0000000707a00000|  0%| F|  |TAMS 0x0000000707900000, 0x0000000707900000| Untracked 
|  62|0x0000000707a00000, 0x0000000707a00000, 0x0000000707b00000|  0%| F|  |TAMS 0x0000000707a00000, 0x0000000707a00000| Untracked 
|  63|0x0000000707b00000, 0x0000000707b00000, 0x0000000707c00000|  0%| F|  |TAMS 0x0000000707b00000, 0x0000000707b00000| Untracked 
|  64|0x0000000707c00000, 0x0000000707c00000, 0x0000000707d00000|  0%| F|  |TAMS 0x0000000707c00000, 0x0000000707c00000| Untracked 
|  65|0x0000000707d00000, 0x0000000707d00000, 0x0000000707e00000|  0%| F|  |TAMS 0x0000000707d00000, 0x0000000707d00000| Untracked 
|  66|0x0000000707e00000, 0x0000000707e00000, 0x0000000707f00000|  0%| F|  |TAMS 0x0000000707e00000, 0x0000000707e00000| Untracked 
|  67|0x0000000707f00000, 0x0000000707f00000, 0x0000000708000000|  0%| F|  |TAMS 0x0000000707f00000, 0x0000000707f00000| Untracked 
|  68|0x0000000708000000, 0x0000000708000000, 0x0000000708100000|  0%| F|  |TAMS 0x0000000708000000, 0x0000000708000000| Untracked 
|  69|0x0000000708100000, 0x0000000708100000, 0x0000000708200000|  0%| F|  |TAMS 0x0000000708100000, 0x0000000708100000| Untracked 
|  70|0x0000000708200000, 0x0000000708200000, 0x0000000708300000|  0%| F|  |TAMS 0x0000000708200000, 0x0000000708200000| Untracked 
|  71|0x0000000708300000, 0x0000000708300000, 0x0000000708400000|  0%| F|  |TAMS 0x0000000708300000, 0x0000000708300000| Untracked 
|  72|0x0000000708400000, 0x0000000708400000, 0x0000000708500000|  0%| F|  |TAMS 0x0000000708400000, 0x0000000708400000| Untracked 
|  73|0x0000000708500000, 0x0000000708500000, 0x0000000708600000|  0%| F|  |TAMS 0x0000000708500000, 0x0000000708500000| Untracked 
|  74|0x0000000708600000, 0x0000000708600000, 0x0000000708700000|  0%| F|  |TAMS 0x0000000708600000, 0x0000000708600000| Untracked 
|  75|0x0000000708700000, 0x0000000708700000, 0x0000000708800000|  0%| F|  |TAMS 0x0000000708700000, 0x0000000708700000| Untracked 
|  76|0x0000000708800000, 0x0000000708800000, 0x0000000708900000|  0%| F|  |TAMS 0x0000000708800000, 0x0000000708800000| Untracked 
|  77|0x0000000708900000, 0x0000000708900000, 0x0000000708a00000|  0%| F|  |TAMS 0x0000000708900000, 0x0000000708900000| Untracked 
|  78|0x0000000708a00000, 0x0000000708a00000, 0x0000000708b00000|  0%| F|  |TAMS 0x0000000708a00000, 0x0000000708a00000| Untracked 
|  79|0x0000000708b00000, 0x0000000708b00000, 0x0000000708c00000|  0%| F|  |TAMS 0x0000000708b00000, 0x0000000708b00000| Untracked 
|  80|0x0000000708c00000, 0x0000000708c00000, 0x0000000708d00000|  0%| F|  |TAMS 0x0000000708c00000, 0x0000000708c00000| Untracked 
|  81|0x0000000708d00000, 0x0000000708d00000, 0x0000000708e00000|  0%| F|  |TAMS 0x0000000708d00000, 0x0000000708d00000| Untracked 
|  82|0x0000000708e00000, 0x0000000708e00000, 0x0000000708f00000|  0%| F|  |TAMS 0x0000000708e00000, 0x0000000708e00000| Untracked 
|  83|0x0000000708f00000, 0x0000000708f00000, 0x0000000709000000|  0%| F|  |TAMS 0x0000000708f00000, 0x0000000708f00000| Untracked 
|  84|0x0000000709000000, 0x0000000709000000, 0x0000000709100000|  0%| F|  |TAMS 0x0000000709000000, 0x0000000709000000| Untracked 
|  85|0x0000000709100000, 0x0000000709100000, 0x0000000709200000|  0%| F|  |TAMS 0x0000000709100000, 0x0000000709100000| Untracked 
|  86|0x0000000709200000, 0x0000000709200000, 0x0000000709300000|  0%| F|  |TAMS 0x0000000709200000, 0x0000000709200000| Untracked 
|  87|0x0000000709300000, 0x0000000709300000, 0x0000000709400000|  0%| F|  |TAMS 0x0000000709300000, 0x0000000709300000| Untracked 
|  88|0x0000000709400000, 0x0000000709400000, 0x0000000709500000|  0%| F|  |TAMS 0x0000000709400000, 0x0000000709400000| Untracked 
|  89|0x0000000709500000, 0x0000000709500000, 0x0000000709600000|  0%| F|  |TAMS 0x0000000709500000, 0x0000000709500000| Untracked 
|  90|0x0000000709600000, 0x0000000709600000, 0x0000000709700000|  0%| F|  |TAMS 0x0000000709600000, 0x0000000709600000| Untracked 
|  91|0x0000000709700000, 0x0000000709700000, 0x0000000709800000|  0%| F|  |TAMS 0x0000000709700000, 0x0000000709700000| Untracked 
|  92|0x0000000709800000, 0x0000000709800000, 0x0000000709900000|  0%| F|  |TAMS 0x0000000709800000, 0x0000000709800000| Untracked 
|  93|0x0000000709900000, 0x0000000709900000, 0x0000000709a00000|  0%| F|  |TAMS 0x0000000709900000, 0x0000000709900000| Untracked 
|  94|0x0000000709a00000, 0x0000000709a00000, 0x0000000709b00000|  0%| F|  |TAMS 0x0000000709a00000, 0x0000000709a00000| Untracked 
|  95|0x0000000709b00000, 0x0000000709b00000, 0x0000000709c00000|  0%| F|  |TAMS 0x0000000709b00000, 0x0000000709b00000| Untracked 
|  96|0x0000000709c00000, 0x0000000709c00000, 0x0000000709d00000|  0%| F|  |TAMS 0x0000000709c00000, 0x0000000709c00000| Untracked 
|  97|0x0000000709d00000, 0x0000000709d00000, 0x0000000709e00000|  0%| F|  |TAMS 0x0000000709d00000, 0x0000000709d00000| Untracked 
|  98|0x0000000709e00000, 0x0000000709e00000, 0x0000000709f00000|  0%| F|  |TAMS 0x0000000709e00000, 0x0000000709e00000| Untracked 
|  99|0x0000000709f00000, 0x0000000709f00000, 0x000000070a000000|  0%| F|  |TAMS 0x0000000709f00000, 0x0000000709f00000| Untracked 
| 100|0x000000070a000000, 0x000000070a000000, 0x000000070a100000|  0%| F|  |TAMS 0x000000070a000000, 0x000000070a000000| Untracked 
| 101|0x000000070a100000, 0x000000070a100000, 0x000000070a200000|  0%| F|  |TAMS 0x000000070a100000, 0x000000070a100000| Untracked 
| 102|0x000000070a200000, 0x000000070a200000, 0x000000070a300000|  0%| F|  |TAMS 0x000000070a200000, 0x000000070a200000| Untracked 
| 103|0x000000070a300000, 0x000000070a300000, 0x000000070a400000|  0%| F|  |TAMS 0x000000070a300000, 0x000000070a300000| Untracked 
| 104|0x000000070a400000, 0x000000070a400000, 0x000000070a500000|  0%| F|  |TAMS 0x000000070a400000, 0x000000070a400000| Untracked 
| 105|0x000000070a500000, 0x000000070a500000, 0x000000070a600000|  0%| F|  |TAMS 0x000000070a500000, 0x000000070a500000| Untracked 
| 106|0x000000070a600000, 0x000000070a600000, 0x000000070a700000|  0%| F|  |TAMS 0x000000070a600000, 0x000000070a600000| Untracked 
| 107|0x000000070a700000, 0x000000070a700000, 0x000000070a800000|  0%| F|  |TAMS 0x000000070a700000, 0x000000070a700000| Untracked 
| 108|0x000000070a800000, 0x000000070a900000, 0x000000070a900000|100%| S|CS|TAMS 0x000000070a800000, 0x000000070a800000| Complete 
| 109|0x000000070a900000, 0x000000070aa00000, 0x000000070aa00000|100%| S|CS|TAMS 0x000000070a900000, 0x000000070a900000| Complete 
| 110|0x000000070aa00000, 0x000000070ab00000, 0x000000070ab00000|100%| S|CS|TAMS 0x000000070aa00000, 0x000000070aa00000| Complete 
| 111|0x000000070ab00000, 0x000000070ac00000, 0x000000070ac00000|100%| S|CS|TAMS 0x000000070ab00000, 0x000000070ab00000| Complete 
| 112|0x000000070ac00000, 0x000000070ad00000, 0x000000070ad00000|100%| S|CS|TAMS 0x000000070ac00000, 0x000000070ac00000| Complete 
| 113|0x000000070ad00000, 0x000000070ae00000, 0x000000070ae00000|100%| S|CS|TAMS 0x000000070ad00000, 0x000000070ad00000| Complete 
| 114|0x000000070ae00000, 0x000000070af00000, 0x000000070af00000|100%| S|CS|TAMS 0x000000070ae00000, 0x000000070ae00000| Complete 
| 115|0x000000070af00000, 0x000000070b000000, 0x000000070b000000|100%| S|CS|TAMS 0x000000070af00000, 0x000000070af00000| Complete 
| 116|0x000000070b000000, 0x000000070b100000, 0x000000070b100000|100%| S|CS|TAMS 0x000000070b000000, 0x000000070b000000| Complete 
| 117|0x000000070b100000, 0x000000070b200000, 0x000000070b200000|100%| S|CS|TAMS 0x000000070b100000, 0x000000070b100000| Complete 
| 118|0x000000070b200000, 0x000000070b300000, 0x000000070b300000|100%| S|CS|TAMS 0x000000070b200000, 0x000000070b200000| Complete 
| 119|0x000000070b300000, 0x000000070b400000, 0x000000070b400000|100%| S|CS|TAMS 0x000000070b300000, 0x000000070b300000| Complete 
| 120|0x000000070b400000, 0x000000070b400000, 0x000000070b500000|  0%| F|  |TAMS 0x000000070b400000, 0x000000070b400000| Untracked 
| 121|0x000000070b500000, 0x000000070b500000, 0x000000070b600000|  0%| F|  |TAMS 0x000000070b500000, 0x000000070b500000| Untracked 
| 122|0x000000070b600000, 0x000000070b600000, 0x000000070b700000|  0%| F|  |TAMS 0x000000070b600000, 0x000000070b600000| Untracked 
| 123|0x000000070b700000, 0x000000070b700000, 0x000000070b800000|  0%| F|  |TAMS 0x000000070b700000, 0x000000070b700000| Untracked 
| 124|0x000000070b800000, 0x000000070b800000, 0x000000070b900000|  0%| F|  |TAMS 0x000000070b800000, 0x000000070b800000| Untracked 
| 125|0x000000070b900000, 0x000000070b900000, 0x000000070ba00000|  0%| F|  |TAMS 0x000000070b900000, 0x000000070b900000| Untracked 
| 126|0x000000070ba00000, 0x000000070ba00000, 0x000000070bb00000|  0%| F|  |TAMS 0x000000070ba00000, 0x000000070ba00000| Untracked 
| 127|0x000000070bb00000, 0x000000070bb00000, 0x000000070bc00000|  0%| F|  |TAMS 0x000000070bb00000, 0x000000070bb00000| Untracked 
| 128|0x000000070bc00000, 0x000000070bc00000, 0x000000070bd00000|  0%| F|  |TAMS 0x000000070bc00000, 0x000000070bc00000| Untracked 
| 129|0x000000070bd00000, 0x000000070bd00000, 0x000000070be00000|  0%| F|  |TAMS 0x000000070bd00000, 0x000000070bd00000| Untracked 
| 130|0x000000070be00000, 0x000000070be00000, 0x000000070bf00000|  0%| F|  |TAMS 0x000000070be00000, 0x000000070be00000| Untracked 
| 131|0x000000070bf00000, 0x000000070bf00000, 0x000000070c000000|  0%| F|  |TAMS 0x000000070bf00000, 0x000000070bf00000| Untracked 
| 132|0x000000070c000000, 0x000000070c000000, 0x000000070c100000|  0%| F|  |TAMS 0x000000070c000000, 0x000000070c000000| Untracked 
| 133|0x000000070c100000, 0x000000070c100000, 0x000000070c200000|  0%| F|  |TAMS 0x000000070c100000, 0x000000070c100000| Untracked 
| 134|0x000000070c200000, 0x000000070c200000, 0x000000070c300000|  0%| F|  |TAMS 0x000000070c200000, 0x000000070c200000| Untracked 
| 135|0x000000070c300000, 0x000000070c300000, 0x000000070c400000|  0%| F|  |TAMS 0x000000070c300000, 0x000000070c300000| Untracked 
| 136|0x000000070c400000, 0x000000070c400000, 0x000000070c500000|  0%| F|  |TAMS 0x000000070c400000, 0x000000070c400000| Untracked 
| 137|0x000000070c500000, 0x000000070c500000, 0x000000070c600000|  0%| F|  |TAMS 0x000000070c500000, 0x000000070c500000| Untracked 
| 138|0x000000070c600000, 0x000000070c600000, 0x000000070c700000|  0%| F|  |TAMS 0x000000070c600000, 0x000000070c600000| Untracked 
| 139|0x000000070c700000, 0x000000070c700000, 0x000000070c800000|  0%| F|  |TAMS 0x000000070c700000, 0x000000070c700000| Untracked 
| 140|0x000000070c800000, 0x000000070c800000, 0x000000070c900000|  0%| F|  |TAMS 0x000000070c800000, 0x000000070c800000| Untracked 
| 141|0x000000070c900000, 0x000000070c900000, 0x000000070ca00000|  0%| F|  |TAMS 0x000000070c900000, 0x000000070c900000| Untracked 
| 142|0x000000070ca00000, 0x000000070ca00000, 0x000000070cb00000|  0%| F|  |TAMS 0x000000070ca00000, 0x000000070ca00000| Untracked 
| 143|0x000000070cb00000, 0x000000070cb00000, 0x000000070cc00000|  0%| F|  |TAMS 0x000000070cb00000, 0x000000070cb00000| Untracked 
| 144|0x000000070cc00000, 0x000000070cc00000, 0x000000070cd00000|  0%| F|  |TAMS 0x000000070cc00000, 0x000000070cc00000| Untracked 
| 145|0x000000070cd00000, 0x000000070cd00000, 0x000000070ce00000|  0%| F|  |TAMS 0x000000070cd00000, 0x000000070cd00000| Untracked 
| 146|0x000000070ce00000, 0x000000070ce00000, 0x000000070cf00000|  0%| F|  |TAMS 0x000000070ce00000, 0x000000070ce00000| Untracked 
| 147|0x000000070cf00000, 0x000000070cf00000, 0x000000070d000000|  0%| F|  |TAMS 0x000000070cf00000, 0x000000070cf00000| Untracked 
| 148|0x000000070d000000, 0x000000070d000000, 0x000000070d100000|  0%| F|  |TAMS 0x000000070d000000, 0x000000070d000000| Untracked 
| 149|0x000000070d100000, 0x000000070d100000, 0x000000070d200000|  0%| F|  |TAMS 0x000000070d100000, 0x000000070d100000| Untracked 
| 150|0x000000070d200000, 0x000000070d200000, 0x000000070d300000|  0%| F|  |TAMS 0x000000070d200000, 0x000000070d200000| Untracked 
| 151|0x000000070d300000, 0x000000070d300000, 0x000000070d400000|  0%| F|  |TAMS 0x000000070d300000, 0x000000070d300000| Untracked 
| 152|0x000000070d400000, 0x000000070d400000, 0x000000070d500000|  0%| F|  |TAMS 0x000000070d400000, 0x000000070d400000| Untracked 
| 153|0x000000070d500000, 0x000000070d500000, 0x000000070d600000|  0%| F|  |TAMS 0x000000070d500000, 0x000000070d500000| Untracked 
| 154|0x000000070d600000, 0x000000070d600000, 0x000000070d700000|  0%| F|  |TAMS 0x000000070d600000, 0x000000070d600000| Untracked 
| 155|0x000000070d700000, 0x000000070d700000, 0x000000070d800000|  0%| F|  |TAMS 0x000000070d700000, 0x000000070d700000| Untracked 
| 156|0x000000070d800000, 0x000000070d800000, 0x000000070d900000|  0%| F|  |TAMS 0x000000070d800000, 0x000000070d800000| Untracked 
| 157|0x000000070d900000, 0x000000070d900000, 0x000000070da00000|  0%| F|  |TAMS 0x000000070d900000, 0x000000070d900000| Untracked 
| 158|0x000000070da00000, 0x000000070da00000, 0x000000070db00000|  0%| F|  |TAMS 0x000000070da00000, 0x000000070da00000| Untracked 
| 159|0x000000070db00000, 0x000000070db00000, 0x000000070dc00000|  0%| F|  |TAMS 0x000000070db00000, 0x000000070db00000| Untracked 
| 160|0x000000070dc00000, 0x000000070dc00000, 0x000000070dd00000|  0%| F|  |TAMS 0x000000070dc00000, 0x000000070dc00000| Untracked 
| 161|0x000000070dd00000, 0x000000070dd00000, 0x000000070de00000|  0%| F|  |TAMS 0x000000070dd00000, 0x000000070dd00000| Untracked 
| 162|0x000000070de00000, 0x000000070de00000, 0x000000070df00000|  0%| F|  |TAMS 0x000000070de00000, 0x000000070de00000| Untracked 
| 163|0x000000070df00000, 0x000000070df00000, 0x000000070e000000|  0%| F|  |TAMS 0x000000070df00000, 0x000000070df00000| Untracked 
| 164|0x000000070e000000, 0x000000070e000000, 0x000000070e100000|  0%| F|  |TAMS 0x000000070e000000, 0x000000070e000000| Untracked 
| 165|0x000000070e100000, 0x000000070e100000, 0x000000070e200000|  0%| F|  |TAMS 0x000000070e100000, 0x000000070e100000| Untracked 
| 166|0x000000070e200000, 0x000000070e200000, 0x000000070e300000|  0%| F|  |TAMS 0x000000070e200000, 0x000000070e200000| Untracked 
| 167|0x000000070e300000, 0x000000070e300000, 0x000000070e400000|  0%| F|  |TAMS 0x000000070e300000, 0x000000070e300000| Untracked 
| 168|0x000000070e400000, 0x000000070e400000, 0x000000070e500000|  0%| F|  |TAMS 0x000000070e400000, 0x000000070e400000| Untracked 
| 169|0x000000070e500000, 0x000000070e500000, 0x000000070e600000|  0%| F|  |TAMS 0x000000070e500000, 0x000000070e500000| Untracked 
| 170|0x000000070e600000, 0x000000070e600000, 0x000000070e700000|  0%| F|  |TAMS 0x000000070e600000, 0x000000070e600000| Untracked 
| 171|0x000000070e700000, 0x000000070e700000, 0x000000070e800000|  0%| F|  |TAMS 0x000000070e700000, 0x000000070e700000| Untracked 
| 172|0x000000070e800000, 0x000000070e800000, 0x000000070e900000|  0%| F|  |TAMS 0x000000070e800000, 0x000000070e800000| Untracked 
| 173|0x000000070e900000, 0x000000070e900000, 0x000000070ea00000|  0%| F|  |TAMS 0x000000070e900000, 0x000000070e900000| Untracked 
| 174|0x000000070ea00000, 0x000000070ea00000, 0x000000070eb00000|  0%| F|  |TAMS 0x000000070ea00000, 0x000000070ea00000| Untracked 
| 175|0x000000070eb00000, 0x000000070eb00000, 0x000000070ec00000|  0%| F|  |TAMS 0x000000070eb00000, 0x000000070eb00000| Untracked 
| 176|0x000000070ec00000, 0x000000070ec00000, 0x000000070ed00000|  0%| F|  |TAMS 0x000000070ec00000, 0x000000070ec00000| Untracked 
| 177|0x000000070ed00000, 0x000000070ed00000, 0x000000070ee00000|  0%| F|  |TAMS 0x000000070ed00000, 0x000000070ed00000| Untracked 
| 178|0x000000070ee00000, 0x000000070ee00000, 0x000000070ef00000|  0%| F|  |TAMS 0x000000070ee00000, 0x000000070ee00000| Untracked 
| 179|0x000000070ef00000, 0x000000070ef00000, 0x000000070f000000|  0%| F|  |TAMS 0x000000070ef00000, 0x000000070ef00000| Untracked 
| 180|0x000000070f000000, 0x000000070f000000, 0x000000070f100000|  0%| F|  |TAMS 0x000000070f000000, 0x000000070f000000| Untracked 
| 181|0x000000070f100000, 0x000000070f100000, 0x000000070f200000|  0%| F|  |TAMS 0x000000070f100000, 0x000000070f100000| Untracked 
| 182|0x000000070f200000, 0x000000070f200000, 0x000000070f300000|  0%| F|  |TAMS 0x000000070f200000, 0x000000070f200000| Untracked 
| 183|0x000000070f300000, 0x000000070f300000, 0x000000070f400000|  0%| F|  |TAMS 0x000000070f300000, 0x000000070f300000| Untracked 
| 184|0x000000070f400000, 0x000000070f400000, 0x000000070f500000|  0%| F|  |TAMS 0x000000070f400000, 0x000000070f400000| Untracked 
| 185|0x000000070f500000, 0x000000070f500000, 0x000000070f600000|  0%| F|  |TAMS 0x000000070f500000, 0x000000070f500000| Untracked 
| 186|0x000000070f600000, 0x000000070f600000, 0x000000070f700000|  0%| F|  |TAMS 0x000000070f600000, 0x000000070f600000| Untracked 
| 187|0x000000070f700000, 0x000000070f700000, 0x000000070f800000|  0%| F|  |TAMS 0x000000070f700000, 0x000000070f700000| Untracked 
| 188|0x000000070f800000, 0x000000070f800000, 0x000000070f900000|  0%| F|  |TAMS 0x000000070f800000, 0x000000070f800000| Untracked 
| 189|0x000000070f900000, 0x000000070f900000, 0x000000070fa00000|  0%| F|  |TAMS 0x000000070f900000, 0x000000070f900000| Untracked 
| 190|0x000000070fa00000, 0x000000070fa00000, 0x000000070fb00000|  0%| F|  |TAMS 0x000000070fa00000, 0x000000070fa00000| Untracked 
| 191|0x000000070fb00000, 0x000000070fb00000, 0x000000070fc00000|  0%| F|  |TAMS 0x000000070fb00000, 0x000000070fb00000| Untracked 
| 192|0x000000070fc00000, 0x000000070fc00000, 0x000000070fd00000|  0%| F|  |TAMS 0x000000070fc00000, 0x000000070fc00000| Untracked 
| 193|0x000000070fd00000, 0x000000070fd00000, 0x000000070fe00000|  0%| F|  |TAMS 0x000000070fd00000, 0x000000070fd00000| Untracked 
| 194|0x000000070fe00000, 0x000000070fe00000, 0x000000070ff00000|  0%| F|  |TAMS 0x000000070fe00000, 0x000000070fe00000| Untracked 
| 195|0x000000070ff00000, 0x000000070ff00000, 0x0000000710000000|  0%| F|  |TAMS 0x000000070ff00000, 0x000000070ff00000| Untracked 
| 196|0x0000000710000000, 0x0000000710000000, 0x0000000710100000|  0%| F|  |TAMS 0x0000000710000000, 0x0000000710000000| Untracked 
| 197|0x0000000710100000, 0x0000000710100000, 0x0000000710200000|  0%| F|  |TAMS 0x0000000710100000, 0x0000000710100000| Untracked 
| 198|0x0000000710200000, 0x0000000710200000, 0x0000000710300000|  0%| F|  |TAMS 0x0000000710200000, 0x0000000710200000| Untracked 
| 199|0x0000000710300000, 0x0000000710300000, 0x0000000710400000|  0%| F|  |TAMS 0x0000000710300000, 0x0000000710300000| Untracked 
| 200|0x0000000710400000, 0x0000000710400000, 0x0000000710500000|  0%| F|  |TAMS 0x0000000710400000, 0x0000000710400000| Untracked 
| 201|0x0000000710500000, 0x0000000710500000, 0x0000000710600000|  0%| F|  |TAMS 0x0000000710500000, 0x0000000710500000| Untracked 
| 202|0x0000000710600000, 0x0000000710600000, 0x0000000710700000|  0%| F|  |TAMS 0x0000000710600000, 0x0000000710600000| Untracked 
| 203|0x0000000710700000, 0x0000000710700000, 0x0000000710800000|  0%| F|  |TAMS 0x0000000710700000, 0x0000000710700000| Untracked 
| 204|0x0000000710800000, 0x0000000710800000, 0x0000000710900000|  0%| F|  |TAMS 0x0000000710800000, 0x0000000710800000| Untracked 
| 205|0x0000000710900000, 0x0000000710900000, 0x0000000710a00000|  0%| F|  |TAMS 0x0000000710900000, 0x0000000710900000| Untracked 
| 206|0x0000000710a00000, 0x0000000710a00000, 0x0000000710b00000|  0%| F|  |TAMS 0x0000000710a00000, 0x0000000710a00000| Untracked 
| 207|0x0000000710b00000, 0x0000000710b00000, 0x0000000710c00000|  0%| F|  |TAMS 0x0000000710b00000, 0x0000000710b00000| Untracked 
| 208|0x0000000710c00000, 0x0000000710c00000, 0x0000000710d00000|  0%| F|  |TAMS 0x0000000710c00000, 0x0000000710c00000| Untracked 
| 209|0x0000000710d00000, 0x0000000710d00000, 0x0000000710e00000|  0%| F|  |TAMS 0x0000000710d00000, 0x0000000710d00000| Untracked 
| 210|0x0000000710e00000, 0x0000000710e00000, 0x0000000710f00000|  0%| F|  |TAMS 0x0000000710e00000, 0x0000000710e00000| Untracked 
| 211|0x0000000710f00000, 0x0000000710f00000, 0x0000000711000000|  0%| F|  |TAMS 0x0000000710f00000, 0x0000000710f00000| Untracked 
| 212|0x0000000711000000, 0x0000000711000000, 0x0000000711100000|  0%| F|  |TAMS 0x0000000711000000, 0x0000000711000000| Untracked 
| 213|0x0000000711100000, 0x0000000711100000, 0x0000000711200000|  0%| F|  |TAMS 0x0000000711100000, 0x0000000711100000| Untracked 
| 214|0x0000000711200000, 0x0000000711200000, 0x0000000711300000|  0%| F|  |TAMS 0x0000000711200000, 0x0000000711200000| Untracked 
| 215|0x0000000711300000, 0x0000000711300000, 0x0000000711400000|  0%| F|  |TAMS 0x0000000711300000, 0x0000000711300000| Untracked 
| 216|0x0000000711400000, 0x0000000711400000, 0x0000000711500000|  0%| F|  |TAMS 0x0000000711400000, 0x0000000711400000| Untracked 
| 217|0x0000000711500000, 0x0000000711500000, 0x0000000711600000|  0%| F|  |TAMS 0x0000000711500000, 0x0000000711500000| Untracked 
| 218|0x0000000711600000, 0x0000000711600000, 0x0000000711700000|  0%| F|  |TAMS 0x0000000711600000, 0x0000000711600000| Untracked 
| 219|0x0000000711700000, 0x0000000711700000, 0x0000000711800000|  0%| F|  |TAMS 0x0000000711700000, 0x0000000711700000| Untracked 
| 220|0x0000000711800000, 0x0000000711800000, 0x0000000711900000|  0%| F|  |TAMS 0x0000000711800000, 0x0000000711800000| Untracked 
| 221|0x0000000711900000, 0x0000000711900000, 0x0000000711a00000|  0%| F|  |TAMS 0x0000000711900000, 0x0000000711900000| Untracked 
| 222|0x0000000711a00000, 0x0000000711a00000, 0x0000000711b00000|  0%| F|  |TAMS 0x0000000711a00000, 0x0000000711a00000| Untracked 
| 223|0x0000000711b00000, 0x0000000711b00000, 0x0000000711c00000|  0%| F|  |TAMS 0x0000000711b00000, 0x0000000711b00000| Untracked 
| 224|0x0000000711c00000, 0x0000000711c00000, 0x0000000711d00000|  0%| F|  |TAMS 0x0000000711c00000, 0x0000000711c00000| Untracked 
| 225|0x0000000711d00000, 0x0000000711d00000, 0x0000000711e00000|  0%| F|  |TAMS 0x0000000711d00000, 0x0000000711d00000| Untracked 
| 226|0x0000000711e00000, 0x0000000711e00000, 0x0000000711f00000|  0%| F|  |TAMS 0x0000000711e00000, 0x0000000711e00000| Untracked 
| 227|0x0000000711f00000, 0x0000000711f00000, 0x0000000712000000|  0%| F|  |TAMS 0x0000000711f00000, 0x0000000711f00000| Untracked 
| 228|0x0000000712000000, 0x0000000712000000, 0x0000000712100000|  0%| F|  |TAMS 0x0000000712000000, 0x0000000712000000| Untracked 
| 229|0x0000000712100000, 0x0000000712100000, 0x0000000712200000|  0%| F|  |TAMS 0x0000000712100000, 0x0000000712100000| Untracked 
| 230|0x0000000712200000, 0x0000000712200000, 0x0000000712300000|  0%| F|  |TAMS 0x0000000712200000, 0x0000000712200000| Untracked 
| 231|0x0000000712300000, 0x0000000712300000, 0x0000000712400000|  0%| F|  |TAMS 0x0000000712300000, 0x0000000712300000| Untracked 
| 232|0x0000000712400000, 0x0000000712400000, 0x0000000712500000|  0%| F|  |TAMS 0x0000000712400000, 0x0000000712400000| Untracked 
| 233|0x0000000712500000, 0x0000000712500000, 0x0000000712600000|  0%| F|  |TAMS 0x0000000712500000, 0x0000000712500000| Untracked 
| 234|0x0000000712600000, 0x0000000712600000, 0x0000000712700000|  0%| F|  |TAMS 0x0000000712600000, 0x0000000712600000| Untracked 
| 235|0x0000000712700000, 0x0000000712700000, 0x0000000712800000|  0%| F|  |TAMS 0x0000000712700000, 0x0000000712700000| Untracked 
| 236|0x0000000712800000, 0x0000000712800000, 0x0000000712900000|  0%| F|  |TAMS 0x0000000712800000, 0x0000000712800000| Untracked 
| 237|0x0000000712900000, 0x0000000712900000, 0x0000000712a00000|  0%| F|  |TAMS 0x0000000712900000, 0x0000000712900000| Untracked 
| 238|0x0000000712a00000, 0x0000000712a00000, 0x0000000712b00000|  0%| F|  |TAMS 0x0000000712a00000, 0x0000000712a00000| Untracked 
| 239|0x0000000712b00000, 0x0000000712b00000, 0x0000000712c00000|  0%| F|  |TAMS 0x0000000712b00000, 0x0000000712b00000| Untracked 
| 240|0x0000000712c00000, 0x0000000712c00000, 0x0000000712d00000|  0%| F|  |TAMS 0x0000000712c00000, 0x0000000712c00000| Untracked 
| 241|0x0000000712d00000, 0x0000000712d00000, 0x0000000712e00000|  0%| F|  |TAMS 0x0000000712d00000, 0x0000000712d00000| Untracked 
| 242|0x0000000712e00000, 0x0000000712e00000, 0x0000000712f00000|  0%| F|  |TAMS 0x0000000712e00000, 0x0000000712e00000| Untracked 
| 243|0x0000000712f00000, 0x0000000712f00000, 0x0000000713000000|  0%| F|  |TAMS 0x0000000712f00000, 0x0000000712f00000| Untracked 
| 244|0x0000000713000000, 0x0000000713000000, 0x0000000713100000|  0%| F|  |TAMS 0x0000000713000000, 0x0000000713000000| Untracked 
| 245|0x0000000713100000, 0x0000000713100000, 0x0000000713200000|  0%| F|  |TAMS 0x0000000713100000, 0x0000000713100000| Untracked 
| 246|0x0000000713200000, 0x0000000713200000, 0x0000000713300000|  0%| F|  |TAMS 0x0000000713200000, 0x0000000713200000| Untracked 
| 247|0x0000000713300000, 0x0000000713300000, 0x0000000713400000|  0%| F|  |TAMS 0x0000000713300000, 0x0000000713300000| Untracked 
| 248|0x0000000713400000, 0x0000000713400000, 0x0000000713500000|  0%| F|  |TAMS 0x0000000713400000, 0x0000000713400000| Untracked 
| 249|0x0000000713500000, 0x0000000713500000, 0x0000000713600000|  0%| F|  |TAMS 0x0000000713500000, 0x0000000713500000| Untracked 
| 250|0x0000000713600000, 0x0000000713600000, 0x0000000713700000|  0%| F|  |TAMS 0x0000000713600000, 0x0000000713600000| Untracked 
| 251|0x0000000713700000, 0x00000007137d8760, 0x0000000713800000| 84%| E|  |TAMS 0x0000000713700000, 0x0000000713700000| Complete 
| 252|0x0000000713800000, 0x0000000713900000, 0x0000000713900000|100%| E|CS|TAMS 0x0000000713800000, 0x0000000713800000| Complete 
| 253|0x0000000713900000, 0x0000000713a00000, 0x0000000713a00000|100%| E|CS|TAMS 0x0000000713900000, 0x0000000713900000| Complete 

Card table byte_map: [0x000001fad4090000,0x000001fad4880000] _byte_map_base: 0x000001fad0872000

Marking Bits (Prev, Next): (CMBitMap*) 0x000001fabc100418, (CMBitMap*) 0x000001fabc100450
 Prev Bits: [0x000001fad5070000, 0x000001fad8f80000)
 Next Bits: [0x000001fad8f80000, 0x000001fadce90000)

Polling page: 0x000001fab9fe0000

Metaspace:

Usage:
  Non-class:     36.95 MB capacity,    36.29 MB ( 98%) used,   588.30 KB (  2%) free+waste,    83.19 KB ( <1%) overhead. 
      Class:      4.73 MB capacity,     4.33 MB ( 92%) used,   375.59 KB (  8%) free+waste,    35.25 KB ( <1%) overhead. 
       Both:     41.68 MB capacity,    40.62 MB ( 97%) used,   963.89 KB (  2%) free+waste,   118.44 KB ( <1%) overhead. 

Virtual space:
  Non-class space:       38.00 MB reserved,      37.00 MB ( 97%) committed 
      Class space:        1.00 GB reserved,       4.75 MB ( <1%) committed 
             Both:        1.04 GB reserved,      41.75 MB (  4%) committed 

Chunk freelists:
   Non-Class:  7.00 KB
       Class:  2.13 KB
        Both:  9.13 KB

CodeHeap 'non-profiled nmethods': size=120000Kb used=4244Kb max_used=4244Kb free=115755Kb
 bounds [0x000001facc030000, 0x000001facc460000, 0x000001fad3560000]
CodeHeap 'profiled nmethods': size=120000Kb used=20208Kb max_used=20208Kb free=99791Kb
 bounds [0x000001fac4b00000, 0x000001fac5ec0000, 0x000001facc030000]
CodeHeap 'non-nmethods': size=5760Kb used=1175Kb max_used=1199Kb free=4584Kb
 bounds [0x000001fac4560000, 0x000001fac47d0000, 0x000001fac4b00000]
 total_blobs=8696 nmethods=8179 adapters=428
 compilation: enabled
              stopped_count=0, restarted_count=0
 full_count=0

Compilation events (10 events):
Event: 35.367 Thread 0x000001fae02c5000 8379       3       java.util.Calendar::setTimeInMillis (84 bytes)
Event: 35.367 Thread 0x000001fae02c5000 nmethod 8379 0x000001fac5eb2210 code [0x000001fac5eb23e0, 0x000001fac5eb2968]
Event: 35.368 Thread 0x000001fae02c5000 8380       3       java.util.zip.ZipEntry::setExtra (7 bytes)
Event: 35.368 Thread 0x000001fae02c5000 nmethod 8380 0x000001fac5eb2a90 code [0x000001fac5eb2c40, 0x000001fac5eb2e08]
Event: 35.369 Thread 0x000001fae02c5000 8381       3       java.time.LocalDate::ofEpochDay (236 bytes)
Event: 35.371 Thread 0x000001fae02c5000 nmethod 8381 0x000001fac5eb2e90 code [0x000001fac5eb3120, 0x000001fac5eb4048]
Event: 35.371 Thread 0x000001fae02c5000 8382       3       java.time.temporal.ChronoField::checkValidIntValue (10 bytes)
Event: 35.371 Thread 0x000001fae02c5000 nmethod 8382 0x000001fac5eb4710 code [0x000001fac5eb4900, 0x000001fac5eb4e88]
Event: 35.371 Thread 0x000001fae02c5000 8383       3       java.time.temporal.ValueRange::checkValidIntValue (25 bytes)
Event: 35.372 Thread 0x000001fae02c5000 nmethod 8383 0x000001fac5eb5090 code [0x000001fac5eb5280, 0x000001fac5eb5838]

GC Heap History (10 events):
Event: 9.222 GC heap before
{Heap before GC invocations=3 (full 0):
 garbage-first heap   total 260096K, used 102279K [0x0000000703c00000, 0x0000000800000000)
  region size 1024K, 100 young (102400K), 13 survivors (13312K)
 Metaspace       used 21341K, capacity 21718K, committed 21888K, reserved 1069056K
  class space    used 2199K, capacity 2325K, committed 2432K, reserved 1048576K
}
Event: 9.252 GC heap after
{Heap after GC invocations=4 (full 0):
 garbage-first heap   total 260096K, used 22577K [0x0000000703c00000, 0x0000000800000000)
  region size 1024K, 10 young (10240K), 10 survivors (10240K)
 Metaspace       used 21341K, capacity 21718K, committed 21888K, reserved 1069056K
  class space    used 2199K, capacity 2325K, committed 2432K, reserved 1048576K
}
Event: 14.044 GC heap before
{Heap before GC invocations=4 (full 0):
 garbage-first heap   total 260096K, used 151601K [0x0000000703c00000, 0x0000000800000000)
  region size 1024K, 136 young (139264K), 10 survivors (10240K)
 Metaspace       used 25151K, capacity 25733K, committed 25856K, reserved 1073152K
  class space    used 2586K, capacity 2794K, committed 2816K, reserved 1048576K
}
Event: 14.070 GC heap after
{Heap after GC invocations=5 (full 0):
 garbage-first heap   total 260096K, used 31565K [0x0000000703c00000, 0x0000000800000000)
  region size 1024K, 10 young (10240K), 10 survivors (10240K)
 Metaspace       used 25151K, capacity 25733K, committed 25856K, reserved 1073152K
  class space    used 2586K, capacity 2794K, committed 2816K, reserved 1048576K
}
Event: 19.556 GC heap before
{Heap before GC invocations=5 (full 0):
 garbage-first heap   total 260096K, used 179021K [0x0000000703c00000, 0x0000000800000000)
  region size 1024K, 152 young (155648K), 10 survivors (10240K)
 Metaspace       used 31739K, capacity 32412K, committed 32640K, reserved 1079296K
  class space    used 3343K, capacity 3618K, committed 3712K, reserved 1048576K
}
Event: 19.596 GC heap after
{Heap after GC invocations=6 (full 0):
 garbage-first heap   total 260096K, used 51200K [0x0000000703c00000, 0x0000000800000000)
  region size 1024K, 19 young (19456K), 19 survivors (19456K)
 Metaspace       used 31739K, capacity 32412K, committed 32640K, reserved 1079296K
  class space    used 3343K, capacity 3618K, committed 3712K, reserved 1048576K
}
Event: 25.707 GC heap before
{Heap before GC invocations=6 (full 0):
 garbage-first heap   total 260096K, used 173056K [0x0000000703c00000, 0x0000000800000000)
  region size 1024K, 139 young (142336K), 19 survivors (19456K)
 Metaspace       used 34977K, capacity 35799K, committed 35840K, reserved 1081344K
  class space    used 3627K, capacity 3940K, committed 3968K, reserved 1048576K
}
Event: 25.747 GC heap after
{Heap after GC invocations=7 (full 0):
 garbage-first heap   total 260096K, used 59875K [0x0000000703c00000, 0x0000000800000000)
  region size 1024K, 8 young (8192K), 8 survivors (8192K)
 Metaspace       used 34977K, capacity 35799K, committed 35840K, reserved 1081344K
  class space    used 3627K, capacity 3940K, committed 3968K, reserved 1048576K
}
Event: 35.293 GC heap before
{Heap before GC invocations=8 (full 0):
 garbage-first heap   total 260096K, used 212451K [0x0000000703c00000, 0x0000000800000000)
  region size 1024K, 134 young (137216K), 8 survivors (8192K)
 Metaspace       used 41571K, capacity 42615K, committed 42752K, reserved 1087488K
  class space    used 4435K, capacity 4847K, committed 4864K, reserved 1048576K
}
Event: 35.335 GC heap after
{Heap after GC invocations=9 (full 0):
 garbage-first heap   total 260096K, used 63488K [0x0000000703c00000, 0x0000000800000000)
  region size 1024K, 12 young (12288K), 12 survivors (12288K)
 Metaspace       used 41571K, capacity 42615K, committed 42752K, reserved 1087488K
  class space    used 4435K, capacity 4847K, committed 4864K, reserved 1048576K
}

Deoptimization events (10 events):
Event: 34.968 Thread 0x000001fabc09b800 Uncommon trap: reason=bimorphic_or_optimized_type_check action=maybe_recompile pc=0x000001facc42923c method=java.util.Collections$3.hasMoreElements()Z @ 4 c2
Event: 34.969 Thread 0x000001fabc09b800 Uncommon trap: reason=bimorphic_or_optimized_type_check action=maybe_recompile pc=0x000001facc42923c method=java.util.Collections$3.hasMoreElements()Z @ 4 c2
Event: 35.119 Thread 0x000001fabc09b800 Uncommon trap: reason=unstable_if action=reinterpret pc=0x000001facc2557c8 method=java.util.jar.JarFile.maybeInstantiateVerifier()V @ 4 c2
Event: 35.183 Thread 0x000001fabc09b800 Uncommon trap: reason=unstable_if action=reinterpret pc=0x000001facc32d1b4 method=java.util.zip.CRC32.updateBytesCheck([BII)V @ 1 c2
Event: 35.185 Thread 0x000001fabc09b800 Uncommon trap: reason=unstable_if action=reinterpret pc=0x000001facc32d5ec method=java.util.zip.CRC32.updateBytesCheck([BII)V @ 1 c2
Event: 35.188 Thread 0x000001fabc09b800 Uncommon trap: reason=bimorphic_or_optimized_type_check action=maybe_recompile pc=0x000001facc326d1c method=java.io.FilterInputStream.read([BII)I @ 7 c2
Event: 35.188 Thread 0x000001fabc09b800 Uncommon trap: reason=unstable_if action=reinterpret pc=0x000001facc3282dc method=java.util.zip.ZipInputStream.read([BII)I @ 38 c2
Event: 35.281 Thread 0x000001fabc09b800 Uncommon trap: reason=unstable_if action=reinterpret pc=0x000001facc2a7674 method=java.util.Arrays.equals([B[B)Z @ 34 c2
Event: 35.284 Thread 0x000001fabc09b800 Uncommon trap: reason=unstable_if action=reinterpret pc=0x000001facc2a9e5c method=java.util.concurrent.TimeUnit.toMillis(J)J @ 18 c2
Event: 35.285 Thread 0x000001fabc09b800 Uncommon trap: reason=unstable_if action=reinterpret pc=0x000001facc2a49cc method=java.util.concurrent.TimeUnit.toMillis(J)J @ 18 c2

Classes redefined (0 events):
No events

Internal exceptions (10 events):
Event: 30.698 Thread 0x000001fabc09b800 Exception <a 'sun/nio/fs/WindowsException'{0x000000071230cd70}> (0x000000071230cd70) thrown at [./open/src/hotspot/share/prims/jni.cpp, line 611]
Event: 30.698 Thread 0x000001fabc09b800 Exception <a 'sun/nio/fs/WindowsException'{0x000000071230d490}> (0x000000071230d490) thrown at [./open/src/hotspot/share/prims/jni.cpp, line 611]
Event: 30.717 Thread 0x000001fabc09b800 Exception <a 'sun/nio/fs/WindowsException'{0x0000000712335ad8}> (0x0000000712335ad8) thrown at [./open/src/hotspot/share/prims/jni.cpp, line 611]
Event: 30.717 Thread 0x000001fabc09b800 Exception <a 'sun/nio/fs/WindowsException'{0x0000000712336170}> (0x0000000712336170) thrown at [./open/src/hotspot/share/prims/jni.cpp, line 611]
Event: 30.717 Thread 0x000001fabc09b800 Exception <a 'sun/nio/fs/WindowsException'{0x0000000712336950}> (0x0000000712336950) thrown at [./open/src/hotspot/share/prims/jni.cpp, line 611]
Event: 32.284 Thread 0x000001fabc09b800 Exception <a 'java/lang/NoSuchMethodError'{0x0000000711362b88}: org.apache.maven.execution.MavenExecutionRequest.getFailureBehavior()Ljava/lang/String;> (0x0000000711362b88) thrown at [./open/src/hotspot/share/interpreter/linkResolver.cpp, line 864]
Event: 32.305 Thread 0x000001fae08ab800 Exception <a 'java/lang/NoSuchMethodError'{0x00000007113c9cd0}: java.lang.invoke.DirectMethodHandle$Holder.invokeStaticInit(Ljava/lang/Object;Ljava/lang/Object;JLjava/lang/Object;)Ljava/lang/Object;> (0x00000007113c9cd0) thrown at [./open/src/hotspot/shar
Event: 32.307 Thread 0x000001fae08ab800 Exception <a 'java/lang/NoSuchMethodError'{0x00000007113d5df0}: java.lang.invoke.Invokers$Holder.linkToTargetMethod(Ljava/lang/Object;JLjava/lang/Object;)Ljava/lang/Object;> (0x00000007113d5df0) thrown at [./open/src/hotspot/share/interpreter/linkResolver
Event: 34.832 Thread 0x000001fabc09b800 Exception <a 'java/lang/NoClassDefFoundError'{0x000000070c5ec520}: org/sonatype/aether/graph/DependencyNode> (0x000000070c5ec520) thrown at [./open/src/hotspot/share/classfile/systemDictionary.cpp, line 217]
Event: 35.188 Thread 0x000001fabc09b800 Implicit null exception at 0x000001facc324aa2 to 0x000001facc3282c4

Events (10 events):
Event: 35.293 Executing VM operation: G1CollectForAllocation
Event: 35.335 Executing VM operation: G1CollectForAllocation done
Event: 35.369 loading class org/springframework/boot/loader/tools/JarWriter$CrcAndSize
Event: 35.369 loading class org/springframework/boot/loader/tools/JarWriter$CrcAndSize done
Event: 35.369 loading class org/springframework/boot/loader/tools/JarWriter$CrcAndSize
Event: 35.369 loading class org/springframework/boot/loader/tools/JarWriter$CrcAndSize done
Event: 35.372 loading class org/springframework/boot/loader/tools/JarWriter$LibraryUnpackHandler
Event: 35.372 loading class org/springframework/boot/loader/tools/JarWriter$LibraryUnpackHandler done
Event: 35.372 loading class org/springframework/boot/loader/tools/JarWriter$LibraryUnpackHandler
Event: 35.372 loading class org/springframework/boot/loader/tools/JarWriter$LibraryUnpackHandler done


Dynamic libraries:
0x00007ff699980000 - 0x00007ff69998f000 	C:\Program Files\Java\jdk-11.0.12\bin\java.exe
0x00007ffe8f050000 - 0x00007ffe8f248000 	C:\Windows\SYSTEM32\ntdll.dll
0x00007ffe8ee20000 - 0x00007ffe8eedd000 	C:\Windows\System32\KERNEL32.DLL
0x00007ffe8c830000 - 0x00007ffe8cafe000 	C:\Windows\System32\KERNELBASE.dll
0x00007ffe8ce20000 - 0x00007ffe8cf20000 	C:\Windows\System32\ucrtbase.dll
0x00007ffe8abd0000 - 0x00007ffe8abe5000 	C:\Program Files\Java\jdk-11.0.12\bin\VCRUNTIME140.dll
0x00007ffe8abb0000 - 0x00007ffe8abc8000 	C:\Program Files\Java\jdk-11.0.12\bin\jli.dll
0x00007ffe8d560000 - 0x00007ffe8d60e000 	C:\Windows\System32\ADVAPI32.dll
0x00007ffe8ded0000 - 0x00007ffe8df6e000 	C:\Windows\System32\msvcrt.dll
0x00007ffe8d130000 - 0x00007ffe8d1cc000 	C:\Windows\System32\sechost.dll
0x00007ffe8eee0000 - 0x00007ffe8f005000 	C:\Windows\System32\RPCRT4.dll
0x00007ffe8d270000 - 0x00007ffe8d410000 	C:\Windows\System32\USER32.dll
0x00007ffe8c800000 - 0x00007ffe8c822000 	C:\Windows\System32\win32u.dll
0x00007ffe8d1d0000 - 0x00007ffe8d1fa000 	C:\Windows\System32\GDI32.dll
0x00007ffe70350000 - 0x00007ffe705ea000 	C:\Windows\WinSxS\amd64_microsoft.windows.common-controls_6595b64144ccf1df_6.0.19041.1110_none_60b5254171f9507e\COMCTL32.dll
0x00007ffe8cba0000 - 0x00007ffe8ccab000 	C:\Windows\System32\gdi32full.dll
0x00007ffe8cb00000 - 0x00007ffe8cb9d000 	C:\Windows\System32\msvcp_win.dll
0x00007ffe7c9c0000 - 0x00007ffe7c9ca000 	C:\Windows\SYSTEM32\VERSION.dll
0x00007ffe8edf0000 - 0x00007ffe8ee20000 	C:\Windows\System32\IMM32.DLL
0x00007ffe8a8b0000 - 0x00007ffe8a94b000 	C:\Program Files\Java\jdk-11.0.12\bin\msvcp140.dll
0x00007ffe3b860000 - 0x00007ffe3c35f000 	C:\Program Files\Java\jdk-11.0.12\bin\server\jvm.dll
0x00007ffe8d120000 - 0x00007ffe8d128000 	C:\Windows\System32\PSAPI.DLL
0x00007ffe6d3d0000 - 0x00007ffe6d3f7000 	C:\Windows\SYSTEM32\WINMM.dll
0x00007ffe8a5e0000 - 0x00007ffe8a5e9000 	C:\Windows\SYSTEM32\WSOCK32.dll
0x00007ffe8d200000 - 0x00007ffe8d26b000 	C:\Windows\System32\WS2_32.dll
0x00007ffe8aee0000 - 0x00007ffe8aef2000 	C:\Windows\SYSTEM32\kernel.appcore.dll
0x00007ffe8ad60000 - 0x00007ffe8ad70000 	C:\Program Files\Java\jdk-11.0.12\bin\verify.dll
0x00007ffe8a3f0000 - 0x00007ffe8a5d4000 	C:\Windows\SYSTEM32\DBGHELP.DLL
0x00007ffe8a150000 - 0x00007ffe8a17c000 	C:\Windows\SYSTEM32\dbgcore.DLL
0x00007ffe8c770000 - 0x00007ffe8c7f2000 	C:\Windows\System32\bcryptPrimitives.dll
0x00007ffe8ab20000 - 0x00007ffe8ab48000 	C:\Program Files\Java\jdk-11.0.12\bin\java.dll
0x00007ffe8ac20000 - 0x00007ffe8ac2a000 	C:\Program Files\Java\jdk-11.0.12\bin\jimage.dll
0x00007ffe8ab00000 - 0x00007ffe8ab16000 	C:\Program Files\Java\jdk-11.0.12\bin\zip.dll
0x00007ffe8e460000 - 0x00007ffe8eba4000 	C:\Windows\System32\SHELL32.dll
0x00007ffe89890000 - 0x00007ffe8a024000 	C:\Windows\SYSTEM32\windows.storage.dll
0x00007ffe8e100000 - 0x00007ffe8e454000 	C:\Windows\System32\combase.dll
0x00007ffe8c020000 - 0x00007ffe8c050000 	C:\Windows\SYSTEM32\Wldp.dll
0x00007ffe8d6f0000 - 0x00007ffe8d79d000 	C:\Windows\System32\SHCORE.dll
0x00007ffe8d0b0000 - 0x00007ffe8d105000 	C:\Windows\System32\shlwapi.dll
0x00007ffe8c6b0000 - 0x00007ffe8c6cf000 	C:\Windows\SYSTEM32\profapi.dll
0x00007ffe8aae0000 - 0x00007ffe8aaf9000 	C:\Program Files\Java\jdk-11.0.12\bin\net.dll
0x00007ffe8b720000 - 0x00007ffe8b82a000 	C:\Windows\SYSTEM32\WINHTTP.dll
0x00007ffe8be00000 - 0x00007ffe8be6a000 	C:\Windows\system32\mswsock.dll
0x00007ffe8aa90000 - 0x00007ffe8aaa2000 	C:\Program Files\Java\jdk-11.0.12\bin\nio.dll
0x00007ffe8aad0000 - 0x00007ffe8aada000 	C:\evandro\instalacao\apache-maven-3.6.1-bin\apache-maven-3.6.1\lib\jansi-native\windows64\jansi.dll

dbghelp: loaded successfully - version: 4.0.5 - missing functions: none
symbol engine: initialized successfully - sym options: 0x614 - pdb path: .;C:\Program Files\Java\jdk-11.0.12\bin;C:\Windows\SYSTEM32;C:\Windows\WinSxS\amd64_microsoft.windows.common-controls_6595b64144ccf1df_6.0.19041.1110_none_60b5254171f9507e;C:\Program Files\Java\jdk-11.0.12\bin\server;C:\evandro\instalacao\apache-maven-3.6.1-bin\apache-maven-3.6.1\lib\jansi-native\windows64

VM Arguments:
jvm_args: -Dclassworlds.conf=C:/evandro/instalacao/apache-maven-3.6.1-bin/apache-maven-3.6.1/bin/m2.conf -Dmaven.home=C:/evandro/instalacao/apache-maven-3.6.1-bin/apache-maven-3.6.1 -Dlibrary.jansi.path=C:/evandro/instalacao/apache-maven-3.6.1-bin/apache-maven-3.6.1/lib/jansi-native -Dmaven.multiModuleProjectDirectory=C:/evandro/github/otima/gateway 
java_command: org.codehaus.plexus.classworlds.launcher.Launcher clean install
java_class_path (initial): C:/evandro/instalacao/apache-maven-3.6.1-bin/apache-maven-3.6.1/boot/plexus-classworlds-2.6.0.jar
Launcher Type: SUN_STANDARD

[Global flags]
     intx CICompilerCount                          = 4                                         {product} {ergonomic}
     uint ConcGCThreads                            = 2                                         {product} {ergonomic}
     uint G1ConcRefinementThreads                  = 8                                         {product} {ergonomic}
   size_t G1HeapRegionSize                         = 1048576                                   {product} {ergonomic}
    uintx GCDrainStackTargetSize                   = 64                                        {product} {ergonomic}
   size_t InitialHeapSize                          = 266338304                                 {product} {ergonomic}
   size_t MarkStackSize                            = 4194304                                   {product} {ergonomic}
   size_t MaxHeapSize                              = 4232052736                                {product} {ergonomic}
   size_t MaxNewSize                               = 2538602496                                {product} {ergonomic}
   size_t MinHeapDeltaBytes                        = 1048576                                   {product} {ergonomic}
    uintx NonNMethodCodeHeapSize                   = 5836300                                {pd product} {ergonomic}
    uintx NonProfiledCodeHeapSize                  = 122910970                              {pd product} {ergonomic}
    uintx ProfiledCodeHeapSize                     = 122910970                              {pd product} {ergonomic}
    uintx ReservedCodeCacheSize                    = 251658240                              {pd product} {ergonomic}
     bool SegmentedCodeCache                       = true                                      {product} {ergonomic}
     bool UseCompressedClassPointers               = true                                 {lp64_product} {ergonomic}
     bool UseCompressedOops                        = true                                 {lp64_product} {ergonomic}
     bool UseG1GC                                  = true                                      {product} {ergonomic}
     bool UseLargePagesIndividualAllocation        = false                                  {pd product} {ergonomic}

Logging:
Log output configuration:
 #0: stdout all=warning uptime,level,tags
 #1: stderr all=off uptime,level,tags

Environment Variables:
JAVA_HOME=C:/Program Files/Java/jdk-11.0.12
PATH=C:\Users\eaabreu\bin;C:\Program Files\Git\mingw64\bin;C:\Program Files\Git\usr\local\bin;C:\Program Files\Git\usr\bin;C:\Program Files\Git\usr\bin;C:\Program Files\Git\mingw64\bin;C:\Program Files\Git\usr\bin;C:\Users\eaabreu\bin;C:\Program Files (x86)\Microsoft SDKs\Azure\CLI2\wbin;C:\Program Files\Common Files\Oracle\Java\javapath;C:\evandro\instalacao\WINDOWS.X64_193000_client_home\bin;C:\Program Files (x86)\Common Files\Oracle\Java\javapath;C:\ProgramData\Oracle\Java\javapath;C:\Windows\system32;C:\Windows;C:\Windows\System32\Wbem;C:\Windows\System32\WindowsPowerShell\v1.0;C:\Windows\System32\OpenSSH;C:\Program Files\Git\cmd;C:\Program Files\Java\jdk1.8.0_281\bin;C:\evandro\instalacao\apache-maven-3.6.1-bin\apache-maven-3.6.1\bin;C:\ProgramData\chocolatey\bin;C:\Program Files\nodejs;C:\evandro\instalacao\instantclient_19_12;C:\evandro\instalacao\WINDOWS.X64_193000_client_home\bin;C:\Program Files\dotnet;C:\Program Files\Docker\Docker\resources\bin;C:\ProgramData\DockerDesktop\version-bin;C:\Program Files\Kubernetes\Minikube;C:\Users\eaabreu\AppData\Local\Microsoft\WindowsApps;C:\Users\eaabreu\AppData\Local\Programs\Microsoft VS Code\bin;C:\Users\eaabreu\AppData\Roaming\npm;C:\Program Files\IBM\Cloud\bin;C:\Program Files\heroku\bin;C:\Program Files\Git\usr\bin\vendor_perl;C:\Program Files\Git\usr\bin\core_perl
USERNAME=eaabreu
SHELL=C:\Program Files\Git\usr\bin\bash.exe
DISPLAY=needs-to-be-defined
OS=Windows_NT
PROCESSOR_IDENTIFIER=Intel64 Family 6 Model 142 Stepping 12, GenuineIntel



---------------  S Y S T E M  ---------------

OS: Windows 10 , 64 bit Build 19041 (10.0.19041.1806)
Hyper-V role detected

CPU:total 8 (initial active 8) (4 cores per cpu, 2 threads per core) family 6 model 142 stepping 12 microcode 0xd6, cmov, cx8, fxsr, mmx, sse, sse2, sse3, ssse3, sse4.1, sse4.2, popcnt, avx, avx2, aes, clmul, erms, 3dnowpref, lzcnt, ht, tsc, tscinvbit, bmi1, bmi2, adx, fma

Memory: 4k page, system-wide physical 16140M (310M free)
TotalPageFile size 65292M (AvailPageFile size 5M)
current process WorkingSet (physical memory assigned to process): 350M, peak: 350M
current process commit charge ("private bytes"): 449M, peak: 451M

vm_info: Java HotSpot(TM) 64-Bit Server VM (11.0.12+8-LTS-237) for windows-amd64 JRE (11.0.12+8-LTS-237), built on Jun  8 2021 11:25:59 by "mach5one" with MS VC++ 15.9 (VS2017)

END.
